#
# A fatal error has been detected by the Java Runtime Environment:
#
#  Internal Error (classFileParser.cpp:3470), pid=3840, tid=800
#  Error: ShouldNotReachHere()
#
# JRE version: 7.0-b147
# Java VM: Java HotSpot(TM) Client VM (21.0-b17 mixed mode windows-x86 )
# Failed to write core dump. Minidumps are not enabled by default on client versions of Windows
#
# If you would like to submit a bug report, please visit:
#   http://bugreport.sun.com/bugreport/crash.jsp
#

---------------  T H R E A D  ---------------

Current thread (0x0056a800):  JavaThread "Unknown thread" [_thread_in_vm, id=800, stack(0x004c0000,0x00510000)]

Stack: [0x004c0000,0x00510000],  sp=0x0050f48c,  free space=317k
Native frames: (J=compiled Java code, j=interpreted, Vv=VM code, C=native code)
V  [jvm.dll+0x1630e1]
V  [jvm.dll+0x15dcfb]
V  [jvm.dll+0x18e37]
V  [jvm.dll+0x1a6a8]
V  [jvm.dll+0x2a42f]
V  [jvm.dll+0x2b818]
V  [jvm.dll+0x2bedb]
V  [jvm.dll+0x2bf2a]
V  [jvm.dll+0x2c07d]
V  [jvm.dll+0x2c15a]
V  [jvm.dll+0x2c3d7]
V  [jvm.dll+0x73cb1]
V  [jvm.dll+0x7406b]
V  [jvm.dll+0x121a7c]
V  [jvm.dll+0x14382a]
V  [jvm.dll+0xa2940]
C  [javaw.exe+0x1359]
C  [javaw.exe+0x1dc9]
C  [javaw.exe+0xa0cb]
C  [javaw.exe+0xa155]
C  [kernel32.dll+0x4ed6c]  BaseThreadInitThunk+0x12
C  [ntdll.dll+0x6377b]  RtlInitializeExceptionChain+0xef
C  [ntdll.dll+0x6374e]  RtlInitializeExceptionChain+0xc2


---------------  P R O C E S S  ---------------

Java Threads: ( => current thread )

Other Threads:

=>0x0056a800 (exited) JavaThread "Unknown thread" [_thread_in_vm, id=800, stack(0x004c0000,0x00510000)]

VM state:not at safepoint (not fully initialized)

VM Mutex/Monitor currently owned by a thread: None

Dynamic libraries:
0x00e70000 - 0x00e9f000 	C:\Program Files\Java\jre7\bin\javaw.exe
0x774f0000 - 0x7762c000 	C:\Windows\SYSTEM32\ntdll.dll
0x76d60000 - 0x76e34000 	C:\Windows\system32\kernel32.dll
0x75750000 - 0x7579b000 	C:\Windows\system32\KERNELBASE.dll
0x76fb0000 - 0x77050000 	C:\Windows\system32\ADVAPI32.dll
0x77200000 - 0x772ac000 	C:\Windows\system32\msvcrt.dll
0x75f90000 - 0x75fa9000 	C:\Windows\SYSTEM32\sechost.dll
0x75b40000 - 0x75be1000 	C:\Windows\system32\RPCRT4.dll
0x75cc0000 - 0x75d89000 	C:\Windows\system32\USER32.dll
0x776c0000 - 0x7770e000 	C:\Windows\system32\GDI32.dll
0x75cb0000 - 0x75cba000 	C:\Windows\system32\LPK.dll
0x77450000 - 0x774ed000 	C:\Windows\system32\USP10.dll
0x745f0000 - 0x7478e000 	C:\Windows\WinSxS\x86_microsoft.windows.common-controls_6595b64144ccf1df_6.0.7601.17514_none_41e6975e2bd6f2b2\COMCTL32.dll
0x76e40000 - 0x76e97000 	C:\Windows\system32\SHLWAPI.dll
0x77640000 - 0x7765f000 	C:\Windows\system32\IMM32.DLL
0x76ee0000 - 0x76fac000 	C:\Windows\system32\MSCTF.dll
0x5e960000 - 0x5ea1e000 	C:\Program Files\Java\jre7\bin\msvcr100.dll
0x6a050000 - 0x6a371000 	C:\Program Files\Java\jre7\bin\client\jvm.dll
0x70cf0000 - 0x70cf7000 	C:\Windows\system32\WSOCK32.dll
0x76ea0000 - 0x76ed5000 	C:\Windows\system32\WS2_32.dll
0x77710000 - 0x77716000 	C:\Windows\system32\NSI.dll
0x743b0000 - 0x743e2000 	C:\Windows\system32\WINMM.dll
0x776b0000 - 0x776b5000 	C:\Windows\system32\PSAPI.DLL
0x72760000 - 0x7276c000 	C:\Program Files\Java\jre7\bin\verify.dll
0x72660000 - 0x72680000 	C:\Program Files\Java\jre7\bin\java.dll
0x6a700000 - 0x6a72a000 	C:\Program Files\Java\jre7\bin\jdwp.dll
0x6ffb0000 - 0x6ffb7000 	C:\Program Files\Java\jre7\bin\npt.dll
0x726b0000 - 0x726c3000 	C:\Program Files\Java\jre7\bin\zip.dll

VM Arguments:
jvm_args: -agentlib:jdwp=transport=dt_socket,suspend=y,address=localhost:15730 -Dfile.encoding=Cp1256 -Xbootclasspath:C:\Program Files\Android\android-sdk-windows\platforms\android-15\android.jar 
java_command: cr.Reasoner
Launcher Type: SUN_STANDARD

Environment Variables:
JAVA_HOME=C:\Progra~1\Java\jdk1.6.0_16\jre
PATH=C:/Program Files/Java/jre7/bin/client;C:/Program Files/Java/jre7/bin;C:/Program Files/Java/jre7/lib/i386;C:\Program Files\ImageMagick-6.7.7-Q16;C:\oraclexe\app\oracle\product\11.2.0\server\bin;D:\app\Sherif\product\11.2.0\dbhome_1\bin;C:\Perl\site\bin;C:\Perl\bin;C:\Program Files\Common Files\Microsoft Shared\Windows Live;C:\Windows\system32;C:\Windows;C:\Windows\System32\Wbem;C:\Windows\System32\WindowsPowerShell\v1.0\;C:\Program Files\MySQL\MySQL Server 4.1\bin;c:\Program Files\Microsoft SQL Server\100\Tools\Binn\;c:\Program Files\Microsoft SQL Server\100\DTS\Binn\;C:\Program Files\Microchip\MPLAB C32 Suite\bin;C:\Program Files\HI-TECH Software\PICC\PRO\9.65\bin;C:\Program Files\Windows Live\Shared;C:\Program Files\WIDCOMM\Bluetooth Software\;C:\Perl\bin;C:\Program Files\Overlook Fing 1.4\bin;C:\Program Files\Java\jdk1.6.0_16\bin;C:\Program Files\Heroku\bin;C:\Program Files\ruby-1.9.3\bin;C:\Program Files\git\bin;C:\Program Files\git\cmd;C:\Program Files\Git\cmd;C:\Program Files\Git\bin;C:\ant\bin;C:\Program Files\Nmap;C:\Perl\bin;C:\Program Files\Microsoft Visual Studio 10.0\VC\bin;C:\Program Files\OpenVPN\bin;D:\Important\CS\Programming\JAVA\eclipse;
USERNAME=Sherif
OS=Windows_NT
PROCESSOR_IDENTIFIER=x86 Family 6 Model 23 Stepping 10, GenuineIntel



---------------  S Y S T E M  ---------------

OS: Windows 7 Build 7601 Service Pack 1

CPU:total 2 (2 cores per cpu, 1 threads per core) family 6 model 23 stepping 10, cmov, cx8, fxsr, mmx, sse, sse2, sse3, ssse3, sse4.1

Memory: 4k page, physical 2056564k(213856k free), swap 5128564k(2207772k free)

vm_info: Java HotSpot(TM) Client VM (21.0-b17) for windows-x86 JRE (1.7.0-b147), built on Jun 27 2011 02:25:52 by "java_re" with unknown MS VC++:1600

time: Wed Jun 19 15:08:26 2013
elapsed time: 0 seconds

