#
# A fatal error has been detected by the Java Runtime Environment:
#
#  Internal Error (javaClasses.cpp:129), pid=3856, tid=2636
#  fatal error: Invalid layout of preloaded class
#
# JRE version: 7.0_21-b11
# Java VM: Java HotSpot(TM) Client VM (23.21-b01 mixed mode windows-x86 )
# Failed to write core dump. Minidumps are not enabled by default on client versions of Windows
#
# If you would like to submit a bug report, please visit:
#   http://bugreport.sun.com/bugreport/crash.jsp
#

---------------  T H R E A D  ---------------

Current thread (0x0244b000):  JavaThread "Unknown thread" [_thread_in_vm, id=2636, stack(0x00410000,0x00460000)]

Stack: [0x00410000,0x00460000],  sp=0x0045f4b8,  free space=317k
Native frames: (J=compiled Java code, j=interpreted, Vv=VM code, C=native code)
V  [jvm.dll+0x170511]
V  [jvm.dll+0x16a6b6]
V  [jvm.dll+0x2082f]
V  [jvm.dll+0x208b6]
V  [jvm.dll+0x2e5dd]
V  [jvm.dll+0x2e889]
V  [jvm.dll+0x77bd1]
V  [jvm.dll+0x77f8b]
V  [jvm.dll+0x12a1b1]
V  [jvm.dll+0x14ac6a]
V  [jvm.dll+0xa9eef]
C  [javaw.exe+0x13ca]
C  [javaw.exe+0x1e3c]
C  [javaw.exe+0xa5b1]
C  [javaw.exe+0xa63b]
C  [kernel32.dll+0x133ca]  BaseThreadInitThunk+0x12
C  [ntdll.dll+0x39ed2]  RtlInitializeExceptionChain+0x63
C  [ntdll.dll+0x39ea5]  RtlInitializeExceptionChain+0x36


---------------  P R O C E S S  ---------------

Java Threads: ( => current thread )

Other Threads:

=>0x0244b000 (exited) JavaThread "Unknown thread" [_thread_in_vm, id=2636, stack(0x00410000,0x00460000)]

VM state:not at safepoint (not fully initialized)

VM Mutex/Monitor currently owned by a thread: None

GC Heap History (0 events):
No events

Deoptimization events (0 events):
No events

Internal exceptions (0 events):
No events

Events (10 events):
Event: 0.007 loading class 0x0229e358 done
Event: 0.007 loading class 0x0229d508 done
Event: 0.007 loading class 0x0229d4e0
Event: 0.007 loading class 0x0230fad8
Event: 0.008 loading class 0x0230fad8 done
Event: 0.008 loading class 0x0230fb10
Event: 0.008 loading class 0x0230fb10 done
Event: 0.008 loading class 0x02310f28
Event: 0.008 loading class 0x02310f28 done
Event: 0.008 loading class 0x0229d4e0 done


Dynamic libraries:
0x00b00000 - 0x00b2f000 	C:\Program Files (x86)\Java\jre7\bin\javaw.exe
0x770f0000 - 0x77270000 	C:\Windows\SysWOW64\ntdll.dll
0x75120000 - 0x75230000 	C:\Windows\syswow64\kernel32.dll
0x76570000 - 0x765b6000 	C:\Windows\syswow64\KERNELBASE.dll
0x76370000 - 0x76410000 	C:\Windows\syswow64\ADVAPI32.dll
0x76930000 - 0x769dc000 	C:\Windows\syswow64\msvcrt.dll
0x74cb0000 - 0x74cc9000 	C:\Windows\SysWOW64\sechost.dll
0x75ff0000 - 0x760e0000 	C:\Windows\syswow64\RPCRT4.dll
0x74c50000 - 0x74cb0000 	C:\Windows\syswow64\SspiCli.dll
0x74c40000 - 0x74c4c000 	C:\Windows\syswow64\CRYPTBASE.dll
0x76830000 - 0x76930000 	C:\Windows\syswow64\USER32.dll
0x752c0000 - 0x75350000 	C:\Windows\syswow64\GDI32.dll
0x769e0000 - 0x769ea000 	C:\Windows\syswow64\LPK.dll
0x74ce0000 - 0x74d7d000 	C:\Windows\syswow64\USP10.dll
0x71f80000 - 0x7211e000 	C:\Windows\WinSxS\x86_microsoft.windows.common-controls_6595b64144ccf1df_6.0.7601.17514_none_41e6975e2bd6f2b2\COMCTL32.dll
0x76510000 - 0x76567000 	C:\Windows\syswow64\SHLWAPI.dll
0x750b0000 - 0x75110000 	C:\Windows\system32\IMM32.DLL
0x76b00000 - 0x76bcc000 	C:\Windows\syswow64\MSCTF.dll
0x6feb0000 - 0x6ff6e000 	C:\Program Files (x86)\Java\jre7\bin\msvcr100.dll
0x6e000000 - 0x6e34f000 	C:\Program Files (x86)\Java\jre7\bin\client\jvm.dll
0x71f40000 - 0x71f47000 	C:\Windows\system32\WSOCK32.dll
0x767f0000 - 0x76825000 	C:\Windows\syswow64\WS2_32.dll
0x74cd0000 - 0x74cd6000 	C:\Windows\syswow64\NSI.dll
0x711f0000 - 0x71222000 	C:\Windows\system32\WINMM.dll
0x75110000 - 0x75115000 	C:\Windows\syswow64\PSAPI.DLL
0x77b00000 - 0x77b0c000 	C:\Program Files (x86)\Java\jre7\bin\verify.dll
0x77ae0000 - 0x77b00000 	C:\Program Files (x86)\Java\jre7\bin\java.dll
0x77ac0000 - 0x77ad3000 	C:\Program Files (x86)\Java\jre7\bin\zip.dll
0x71690000 - 0x7177b000 	C:\Windows\system32\dbghelp.dll

VM Arguments:
jvm_args: -Dfile.encoding=Cp1252 -Xbootclasspath:E:\Work\Android\android-sdk-windows\platforms\android-15\android.jar 
java_command: cr.Reasoner
Launcher Type: SUN_STANDARD

Environment Variables:
PATH=C:/Program Files (x86)/Java/jre7/bin/client;C:/Program Files (x86)/Java/jre7/bin;C:/Program Files (x86)/Java/jre7/lib/i386;ommonProgramFiles\Microsoft Shared\Windows Live;C:\Program Files (x86)\NVIDIA Corporation\PhysX\Common;C:\Program Files (x86)\AMD APP\bin\x86_64;C:\Program Files (x86)\AMD APP\bin\x86;C:\Program Files (x86)\Intel\iCLS Client\;C:\Program Files\Intel\iCLS Client\;C:\Windows\system32;C:\Windows;C:\Windows\System32\Wbem;C:\Windows\System32\WindowsPowerShell\v1.0\;C:\Program Files\Intel\Intel(R) Management Engine Components\DAL;C:\Program Files\Intel\Intel(R) Management Engine Components\IPT;C:\Program Files (x86)\Intel\Intel(R) Management Engine Components\DAL;C:\Program Files (x86)\Intel\Intel(R) Management Engine Components\IPT;C:\Program Files (x86)\ATI Technologies\ATI.ACE\Core-Static;C:\Program Files\Intel\WiFi\bin\;C:\Program Files\Common Files\Intel\WirelessCommon\;C:\Program Files (x86)\Heroku\bin;C:\Program Files\PostgreSQL\9.0\bin\;C:\Ruby200-x64\bin;C:\Program Files\Common Files\Microsoft Shared\Windows Live;C:\Program Files\Intel\WiFi\bin\;C:\Program Files\Common Files\Intel\WirelessCommon\;E:\Work\IDE\eclipse-java-indigo-SR1-win32\eclipse;
USERNAME=kareem
OS=Windows_NT
PROCESSOR_IDENTIFIER=Intel64 Family 6 Model 58 Stepping 9, GenuineIntel



---------------  S Y S T E M  ---------------

OS: Windows 7 , 64 bit Build 7601 Service Pack 1

CPU:total 8 (4 cores per cpu, 2 threads per core) family 6 model 58 stepping 9, cmov, cx8, fxsr, mmx, sse, sse2, sse3, ssse3, sse4.1, sse4.2, popcnt, avx, ht, tsc, tscinvbit, tscinv

Memory: 4k page, physical 8288620k(4676404k free), swap 16575396k(11861280k free)

vm_info: Java HotSpot(TM) Client VM (23.21-b01) for windows-x86 JRE (1.7.0_21-b11), built on Apr  4 2013 04:43:10 by "java_re" with unknown MS VC++:1600

time: Wed Jun 12 15:29:30 2013
elapsed time: 0 seconds

