#
# A fatal error has been detected by the Java Runtime Environment:
#
#  Internal Error (javaClasses.cpp:129), pid=6260, tid=6116
#  fatal error: Invalid layout of preloaded class
#
# JRE version: 7.0_15-b03
# Java VM: Java HotSpot(TM) Client VM (23.7-b01 mixed mode windows-x86 )
# Failed to write core dump. Minidumps are not enabled by default on client versions of Windows
#
# If you would like to submit a bug report, please visit:
#   http://bugreport.sun.com/bugreport/crash.jsp
#

---------------  T H R E A D  ---------------

Current thread (0x00d3b000):  JavaThread "Unknown thread" [_thread_in_vm, id=6116, stack(0x00290000,0x002e0000)]

Stack: [0x00290000,0x002e0000],  sp=0x002df978,  free space=318k
Native frames: (J=compiled Java code, j=interpreted, Vv=VM code, C=native code)
V  [jvm.dll+0x16f261]
V  [jvm.dll+0x1693d6]
V  [jvm.dll+0x2079f]
V  [jvm.dll+0x20826]
V  [jvm.dll+0x2e5bd]
V  [jvm.dll+0x2e869]
V  [jvm.dll+0x77ba1]
V  [jvm.dll+0x77f5b]
V  [jvm.dll+0x1290e1]
V  [jvm.dll+0x149b3a]
V  [jvm.dll+0xa98df]
C  [javaw.exe+0x13ca]
C  [javaw.exe+0x1e3c]
C  [javaw.exe+0xa5a1]
C  [javaw.exe+0xa62b]
C  [kernel32.dll+0x133ca]  BaseThreadInitThunk+0x12
C  [ntdll.dll+0x39ed2]  RtlInitializeExceptionChain+0x63
C  [ntdll.dll+0x39ea5]  RtlInitializeExceptionChain+0x36


---------------  P R O C E S S  ---------------

Java Threads: ( => current thread )

Other Threads:

=>0x00d3b000 (exited) JavaThread "Unknown thread" [_thread_in_vm, id=6116, stack(0x00290000,0x002e0000)]

VM state:not at safepoint (not fully initialized)

VM Mutex/Monitor currently owned by a thread: None

GC Heap History (0 events):
No events

Deoptimization events (0 events):
No events

Internal exceptions (0 events):
No events

Events (10 events):
Event: 0.006 loading class 0x00c1e0a8 done
Event: 0.006 loading class 0x00c1d158 done
Event: 0.006 loading class 0x00c1d130
Event: 0.006 loading class 0x00c54ee0
Event: 0.006 loading class 0x00c54ee0 done
Event: 0.006 loading class 0x00c54f18
Event: 0.006 loading class 0x00c54f18 done
Event: 0.006 loading class 0x00f71c78
Event: 0.006 loading class 0x00f71c78 done
Event: 0.006 loading class 0x00c1d130 done


Dynamic libraries:
0x01390000 - 0x013bf000 	C:\Program Files (x86)\Java\jre7\bin\javaw.exe
0x772a0000 - 0x77420000 	C:\Windows\SysWOW64\ntdll.dll
0x76550000 - 0x76660000 	C:\Windows\syswow64\kernel32.dll
0x75190000 - 0x751d6000 	C:\Windows\syswow64\KERNELBASE.dll
0x76e00000 - 0x76ea0000 	C:\Windows\syswow64\ADVAPI32.dll
0x76370000 - 0x7641c000 	C:\Windows\syswow64\msvcrt.dll
0x76810000 - 0x76829000 	C:\Windows\SysWOW64\sechost.dll
0x76860000 - 0x76950000 	C:\Windows\syswow64\RPCRT4.dll
0x74e00000 - 0x74e60000 	C:\Windows\syswow64\SspiCli.dll
0x74df0000 - 0x74dfc000 	C:\Windows\syswow64\CRYPTBASE.dll
0x76950000 - 0x76a50000 	C:\Windows\syswow64\USER32.dll
0x76150000 - 0x761e0000 	C:\Windows\syswow64\GDI32.dll
0x767d0000 - 0x767da000 	C:\Windows\syswow64\LPK.dll
0x74ec0000 - 0x74f5d000 	C:\Windows\syswow64\USP10.dll
0x72200000 - 0x7239e000 	C:\Windows\WinSxS\x86_microsoft.windows.common-controls_6595b64144ccf1df_6.0.7601.17514_none_41e6975e2bd6f2b2\COMCTL32.dll
0x76490000 - 0x764e7000 	C:\Windows\syswow64\SHLWAPI.dll
0x74e60000 - 0x74ec0000 	C:\Windows\system32\IMM32.DLL
0x751e0000 - 0x752ac000 	C:\Windows\syswow64\MSCTF.dll
0x60e60000 - 0x60f1e000 	C:\Program Files (x86)\Java\jre7\bin\msvcr100.dll
0x65b60000 - 0x65eac000 	C:\Program Files (x86)\Java\jre7\bin\client\jvm.dll
0x721c0000 - 0x721c7000 	C:\Windows\system32\WSOCK32.dll
0x76420000 - 0x76455000 	C:\Windows\syswow64\WS2_32.dll
0x752b0000 - 0x752b6000 	C:\Windows\syswow64\NSI.dll
0x738c0000 - 0x738f2000 	C:\Windows\system32\WINMM.dll
0x76ad0000 - 0x76ad5000 	C:\Windows\syswow64\PSAPI.DLL
0x679d0000 - 0x679dc000 	C:\Program Files (x86)\Java\jre7\bin\verify.dll
0x679b0000 - 0x679d0000 	C:\Program Files (x86)\Java\jre7\bin\java.dll
0x66c20000 - 0x66c33000 	C:\Program Files (x86)\Java\jre7\bin\zip.dll
0x71d70000 - 0x71e5b000 	C:\Windows\system32\dbghelp.dll

VM Arguments:
jvm_args: -Dfile.encoding=Cp1252 -Xbootclasspath:E:\Work\Android\android-sdk-windows\platforms\android-10\android.jar 
java_command: cr.Reasoner
Launcher Type: SUN_STANDARD

Environment Variables:
PATH=C:/Program Files (x86)/Java/jre7/bin/client;C:/Program Files (x86)/Java/jre7/bin;C:/Program Files (x86)/Java/jre7/lib/i386;C:\Program Files (x86)\NVIDIA Corporation\PhysX\Common;C:\Program Files (x86)\AMD APP\bin\x86_64;C:\Program Files (x86)\AMD APP\bin\x86;C:\Program Files (x86)\Intel\iCLS Client\;C:\Program Files\Intel\iCLS Client\;C:\Windows\system32;C:\Windows;C:\Windows\System32\Wbem;C:\Windows\System32\WindowsPowerShell\v1.0\;C:\Program Files\Intel\Intel(R) Management Engine Components\DAL;C:\Program Files\Intel\Intel(R) Management Engine Components\IPT;C:\Program Files (x86)\Intel\Intel(R) Management Engine Components\DAL;C:\Program Files (x86)\Intel\Intel(R) Management Engine Components\IPT;C:\Program Files (x86)\ATI Technologies\ATI.ACE\Core-Static;C:\Program Files\Intel\WiFi\bin\;C:\Program Files\Common Files\Intel\WirelessCommon\;C:\Program Files\Intel\WiFi\bin\;C:\Program Files\Common Files\Intel\WirelessCommon\;E:\Work\IDE\eclipse-java-indigo-SR1-win32\eclipse;
USERNAME=kareem
OS=Windows_NT
PROCESSOR_IDENTIFIER=Intel64 Family 6 Model 58 Stepping 9, GenuineIntel



---------------  S Y S T E M  ---------------

OS: Windows 7 , 64 bit Build 7601 Service Pack 1

CPU:total 8 (4 cores per cpu, 2 threads per core) family 6 model 58 stepping 9, cmov, cx8, fxsr, mmx, sse, sse2, sse3, ssse3, sse4.1, sse4.2, popcnt, avx, ht, tsc, tscinvbit, tscinv

Memory: 4k page, physical 8288620k(4721812k free), swap 16575396k(12255492k free)

vm_info: Java HotSpot(TM) Client VM (23.7-b01) for windows-x86 JRE (1.7.0_15-b03), built on Feb 15 2013 14:01:25 by "java_re" with unknown MS VC++:1600

time: Sat Feb 23 01:53:35 2013
elapsed time: 0 seconds

